current directory: c:/Users/Neli/Ruby on Rails/Ruby_apps/academy-app/bundle/gems/websocket-driver-0.6.5/ext/websocket-driver
c:/Ruby23/bin/ruby.exe -r ./siteconf20171130-972-1qhd519.rb extconf.rb
creating Makefile

current directory: c:/Users/Neli/Ruby on Rails/Ruby_apps/academy-app/bundle/gems/websocket-driver-0.6.5/ext/websocket-driver
make "DESTDIR=" clean

current directory: c:/Users/Neli/Ruby on Rails/Ruby_apps/academy-app/bundle/gems/websocket-driver-0.6.5/ext/websocket-driver
make "DESTDIR="
generating websocket_mask-i386-mingw32.def
compiling websocket_mask.c
In file included from c:/Ruby23/include/ruby-2.3.0/ruby/defines.h:168:0,
                 from c:/Ruby23/include/ruby-2.3.0/ruby/ruby.h:36,
                 from c:/Ruby23/include/ruby-2.3.0/ruby.h:33,
                 from websocket_mask.c:1:
c:/Ruby23/include/ruby-2.3.0/ruby/win32.h:295:44: warning: 'struct timespec' declared inside parameter list
c:/Ruby23/include/ruby-2.3.0/ruby/win32.h:295:44: warning: its scope is only this definition or declaration, which is probably not what you want
c:/Ruby23/include/ruby-2.3.0/ruby/win32.h:296:43: warning: 'struct timespec' declared inside parameter list
In file included from c:/Ruby23/include/ruby-2.3.0/ruby/ruby.h:1992:0,
                 from c:/Ruby23/include/ruby-2.3.0/ruby.h:33,
                 from websocket_mask.c:1:
c:/Ruby23/include/ruby-2.3.0/ruby/intern.h:923:29: warning: 'struct timespec' declared inside parameter list
c:/Ruby23/include/ruby-2.3.0/ruby/intern.h:926:41: warning: 'struct timespec' declared inside parameter list
linking shared-object websocket_mask.so

current directory: c:/Users/Neli/Ruby on Rails/Ruby_apps/academy-app/bundle/gems/websocket-driver-0.6.5/ext/websocket-driver
make "DESTDIR=" install
/usr/bin/install -c -m 0755 websocket_mask.so ./.gem.20171130-972-koxkxi
