current directory: c:/Users/Neli/Ruby on Rails/Ruby_apps/academy-app/bundle/gems/nio4r-2.1.0/ext/nio4r
c:/Ruby23/bin/ruby.exe -r ./siteconf20171130-972-1luq5g3.rb extconf.rb
checking for unistd.h... yes
checking for sys/select.h... no
checking for poll.h... no
checking for sys/epoll.h... no
checking for sys/event.h... no
checking for port.h... no
checking for sys/resource.h... no
creating Makefile

current directory: c:/Users/Neli/Ruby on Rails/Ruby_apps/academy-app/bundle/gems/nio4r-2.1.0/ext/nio4r
make "DESTDIR=" clean

current directory: c:/Users/Neli/Ruby on Rails/Ruby_apps/academy-app/bundle/gems/nio4r-2.1.0/ext/nio4r
make "DESTDIR="
generating nio4r_ext-i386-mingw32.def
compiling bytebuffer.c
In file included from c:/Ruby23/include/ruby-2.3.0/ruby/defines.h:168:0,
                 from c:/Ruby23/include/ruby-2.3.0/ruby/ruby.h:36,
                 from c:/Ruby23/include/ruby-2.3.0/ruby.h:33,
                 from nio4r.h:9,
                 from bytebuffer.c:1:
c:/Ruby23/include/ruby-2.3.0/ruby/win32.h:295:44: warning: 'struct timespec' declared inside parameter list
c:/Ruby23/include/ruby-2.3.0/ruby/win32.h:295:44: warning: its scope is only this definition or declaration, which is probably not what you want
c:/Ruby23/include/ruby-2.3.0/ruby/win32.h:296:43: warning: 'struct timespec' declared inside parameter list
In file included from c:/Ruby23/include/ruby-2.3.0/ruby/ruby.h:1992:0,
                 from c:/Ruby23/include/ruby-2.3.0/ruby.h:33,
                 from nio4r.h:9,
                 from bytebuffer.c:1:
c:/Ruby23/include/ruby-2.3.0/ruby/intern.h:923:29: warning: 'struct timespec' declared inside parameter list
c:/Ruby23/include/ruby-2.3.0/ruby/intern.h:926:41: warning: 'struct timespec' declared inside parameter list
bytebuffer.c: In function 'NIO_ByteBuffer_set_position':
bytebuffer.c:130:5: warning: ISO C90 forbids mixed declarations and code
bytebuffer.c: In function 'NIO_ByteBuffer_set_limit':
bytebuffer.c:162:5: warning: ISO C90 forbids mixed declarations and code
bytebuffer.c: In function 'NIO_ByteBuffer_fetch':
bytebuffer.c:243:5: warning: ISO C90 forbids mixed declarations and code
bytebuffer.c: In function 'NIO_ByteBuffer_put':
bytebuffer.c:261:5: warning: ISO C90 forbids mixed declarations and code
compiling monitor.c
In file included from c:/Ruby23/include/ruby-2.3.0/ruby/defines.h:168:0,
                 from c:/Ruby23/include/ruby-2.3.0/ruby/ruby.h:36,
                 from c:/Ruby23/include/ruby-2.3.0/ruby.h:33,
                 from nio4r.h:9,
                 from monitor.c:6:
c:/Ruby23/include/ruby-2.3.0/ruby/win32.h:295:44: warning: 'struct timespec' declared inside parameter list
c:/Ruby23/include/ruby-2.3.0/ruby/win32.h:295:44: warning: its scope is only this definition or declaration, which is probably not what you want
c:/Ruby23/include/ruby-2.3.0/ruby/win32.h:296:43: warning: 'struct timespec' declared inside parameter list
In file included from c:/Ruby23/include/ruby-2.3.0/ruby/ruby.h:1992:0,
                 from c:/Ruby23/include/ruby-2.3.0/ruby.h:33,
                 from nio4r.h:9,
                 from monitor.c:6:
c:/Ruby23/include/ruby-2.3.0/ruby/intern.h:923:29: warning: 'struct timespec' declared inside parameter list
c:/Ruby23/include/ruby-2.3.0/ruby/intern.h:926:41: warning: 'struct timespec' declared inside parameter list
compiling nio4r_ext.c
In file included from c:/Ruby23/include/ruby-2.3.0/ruby/defines.h:168:0,
                 from c:/Ruby23/include/ruby-2.3.0/ruby/ruby.h:36,
                 from c:/Ruby23/include/ruby-2.3.0/ruby.h:33,
                 from nio4r.h:9,
                 from nio4r_ext.c:6:
c:/Ruby23/include/ruby-2.3.0/ruby/win32.h:295:44: warning: 'struct timespec' declared inside parameter list
c:/Ruby23/include/ruby-2.3.0/ruby/win32.h:295:44: warning: its scope is only this definition or declaration, which is probably not what you want
c:/Ruby23/include/ruby-2.3.0/ruby/win32.h:296:43: warning: 'struct timespec' declared inside parameter list
In file included from c:/Ruby23/include/ruby-2.3.0/ruby/ruby.h:1992:0,
                 from c:/Ruby23/include/ruby-2.3.0/ruby.h:33,
                 from nio4r.h:9,
                 from nio4r_ext.c:6:
c:/Ruby23/include/ruby-2.3.0/ruby/intern.h:923:29: warning: 'struct timespec' declared inside parameter list
c:/Ruby23/include/ruby-2.3.0/ruby/intern.h:926:41: warning: 'struct timespec' declared inside parameter list
In file included from nio4r_ext.c:7:0:
../libev/ev.c:488:48: warning: "/*" within comment
In file included from nio4r_ext.c:7:0:
../libev/ev.c: In function 'ecb_binary32_to_binary16':
../libev/ev.c:1274:13: warning: comparison between signed and unsigned integer expressions
In file included from ../libev/ev.c:1579:0,
                 from nio4r_ext.c:7:
../libev/ev_win32.c: In function 'ev_pipe':
../libev/ev_win32.c:93:3: warning: comparison of unsigned expression < 0 is always false
In file included from nio4r_ext.c:7:0:
../libev/ev.c: At top level:
../libev/ev.c:1836:31: warning: 'ev_default_loop_ptr' initialized and declared 'extern'
../libev/ev.c: In function 'array_nextsize':
../libev/ev.c:1945:19: warning: comparison between signed and unsigned integer expressions
../libev/ev.c: In function 'fd_reify':
../libev/ev.c:2098:15: warning: left-hand operand of comma expression has no effect
../libev/ev.c: In function 'evpipe_write':
../libev/ev.c:2481:19: warning: assignment from incompatible pointer type
In file included from ../libev/ev.c:2713:0,
                 from nio4r_ext.c:7:
../libev/ev_select.c: In function 'select_modify':
../libev/ev_select.c:85:5: warning: left-hand operand of comma expression has no effect
In file included from nio4r_ext.c:7:0:
../libev/ev.c: In function 'verify_watcher':
../libev/ev.c:3123:3: warning: left-hand operand of comma expression has no effect
../libev/ev.c:3126:5: warning: left-hand operand of comma expression has no effect
../libev/ev.c: In function 'verify_heap':
../libev/ev.c:3137:7: warning: left-hand operand of comma expression has no effect
../libev/ev.c:3138:7: warning: left-hand operand of comma expression has no effect
../libev/ev.c:3139:7: warning: left-hand operand of comma expression has no effect
../libev/ev.c: In function 'array_verify':
../libev/ev.c:3151:7: warning: left-hand operand of comma expression has no effect
../libev/ev.c: In function 'ev_verify':
../libev/ev.c:3169:5: warning: left-hand operand of comma expression has no effect
../libev/ev.c:3182:15: warning: left-hand operand of comma expression has no effect
../libev/ev.c:3186:11: warning: left-hand operand of comma expression has no effect
../libev/ev.c:3187:11: warning: left-hand operand of comma expression has no effect
../libev/ev.c: In function 'timers_reify':
../libev/ev.c:3371:15: warning: left-hand operand of comma expression has no effect
../libev/ev.c: In function 'periodics_reify':
../libev/ev.c:3434:15: warning: left-hand operand of comma expression has no effect
../libev/ev.c: In function 'ev_backend_poll':
../libev/ev.c:3580:1: warning: no return statement in function returning non-void
../libev/ev.c: In function 'ev_run':
../libev/ev.c:3594:3: warning: left-hand operand of comma expression has no effect
../libev/ev.c:3750:9: warning: passing argument 1 of 'rb_thread_call_without_gvl' from incompatible pointer type
c:/Ruby23/include/ruby-2.3.0/ruby/thread.h:28:7: note: expected 'void * (*)(void *)' but argument is of type 'VALUE (*)(void *)'
../libev/ev.c:3762:13: warning: left-hand operand of comma expression has no effect
../libev/ev.c: In function 'ev_io_start':
../libev/ev.c:3937:3: warning: left-hand operand of comma expression has no effect
../libev/ev.c:3938:3: warning: left-hand operand of comma expression has no effect
../libev/ev.c:3947:3: warning: left-hand operand of comma expression has no effect
../libev/ev.c: In function 'ev_io_stop':
../libev/ev.c:3963:3: warning: left-hand operand of comma expression has no effect
../libev/ev.c: In function 'ev_timer_start':
../libev/ev.c:3984:3: warning: left-hand operand of comma expression has no effect
../libev/ev.c: In function 'ev_timer_stop':
../libev/ev.c:4013:5: warning: left-hand operand of comma expression has no effect
../libev/ev.c: In function 'ev_periodic_start':
../libev/ev.c:4077:7: warning: left-hand operand of comma expression has no effect
../libev/ev.c: In function 'ev_periodic_stop':
../libev/ev.c:4110:5: warning: left-hand operand of comma expression has no effect
../libev/ev.c: In function 'ev_signal_start':
../libev/ev.c:4149:3: warning: left-hand operand of comma expression has no effect
../libev/ev.c:4152:3: warning: left-hand operand of comma expression has no effect
../libev/ev.c: In function 'ev_embed_start':
../libev/ev.c:4856:5: warning: left-hand operand of comma expression has no effect
../libev/ev.c: At top level:
../libev/ev.c:5206:27: warning: "/*" within comment
../libev/ev.c:5207:27: warning: "/*" within comment
../libev/ev.c:2209:1: warning: 'fd_rearm_all' defined but not used
compiling selector.c
In file included from c:/Ruby23/include/ruby-2.3.0/ruby/defines.h:168:0,
                 from c:/Ruby23/include/ruby-2.3.0/ruby/ruby.h:36,
                 from c:/Ruby23/include/ruby-2.3.0/ruby.h:33,
                 from nio4r.h:9,
                 from selector.c:6:
c:/Ruby23/include/ruby-2.3.0/ruby/win32.h:295:44: warning: 'struct timespec' declared inside parameter list
c:/Ruby23/include/ruby-2.3.0/ruby/win32.h:295:44: warning: its scope is only this definition or declaration, which is probably not what you want
c:/Ruby23/include/ruby-2.3.0/ruby/win32.h:296:43: warning: 'struct timespec' declared inside parameter list
In file included from c:/Ruby23/include/ruby-2.3.0/ruby/ruby.h:1992:0,
                 from c:/Ruby23/include/ruby-2.3.0/ruby.h:33,
                 from nio4r.h:9,
                 from selector.c:6:
c:/Ruby23/include/ruby-2.3.0/ruby/intern.h:923:29: warning: 'struct timespec' declared inside parameter list
c:/Ruby23/include/ruby-2.3.0/ruby/intern.h:926:41: warning: 'struct timespec' declared inside parameter list
selector.c: In function 'NIO_Selector_allocate':
selector.c:94:5: warning: implicit declaration of function 'pipe'
linking shared-object nio4r_ext.so

current directory: c:/Users/Neli/Ruby on Rails/Ruby_apps/academy-app/bundle/gems/nio4r-2.1.0/ext/nio4r
make "DESTDIR=" install
/usr/bin/install -c -m 0755 nio4r_ext.so ./.gem.20171130-972-g1fiu8
