current directory: c:/Users/Neli/Ruby on Rails/Ruby_apps/academy-app/bundle/gems/puma-3.11.0/ext/puma_http11
c:/Ruby23/bin/ruby.exe -r ./siteconf20171130-972-sd5mlk.rb extconf.rb
checking for BIO_read() in -lcrypto... no
checking for BIO_read() in -llibeay32... no
creating Makefile

current directory: c:/Users/Neli/Ruby on Rails/Ruby_apps/academy-app/bundle/gems/puma-3.11.0/ext/puma_http11
make "DESTDIR=" clean

current directory: c:/Users/Neli/Ruby on Rails/Ruby_apps/academy-app/bundle/gems/puma-3.11.0/ext/puma_http11
make "DESTDIR="
generating puma_http11-i386-mingw32.def
compiling http11_parser.c
In file included from c:/Ruby23/include/ruby-2.3.0/ruby/defines.h:168:0,
                 from c:/Ruby23/include/ruby-2.3.0/ruby/ruby.h:36,
                 from c:/Ruby23/include/ruby-2.3.0/ruby.h:33,
                 from http11_parser.h:11,
                 from ext/puma_http11/http11_parser.rl:6:
c:/Ruby23/include/ruby-2.3.0/ruby/win32.h:295:44: warning: 'struct timespec' declared inside parameter list
c:/Ruby23/include/ruby-2.3.0/ruby/win32.h:295:44: warning: its scope is only this definition or declaration, which is probably not what you want
c:/Ruby23/include/ruby-2.3.0/ruby/win32.h:296:43: warning: 'struct timespec' declared inside parameter list
In file included from c:/Ruby23/include/ruby-2.3.0/ruby/ruby.h:1992:0,
                 from c:/Ruby23/include/ruby-2.3.0/ruby.h:33,
                 from http11_parser.h:11,
                 from ext/puma_http11/http11_parser.rl:6:
c:/Ruby23/include/ruby-2.3.0/ruby/intern.h:923:29: warning: 'struct timespec' declared inside parameter list
c:/Ruby23/include/ruby-2.3.0/ruby/intern.h:926:41: warning: 'struct timespec' declared inside parameter list
compiling io_buffer.c
In file included from c:/Ruby23/include/ruby-2.3.0/ruby/defines.h:168:0,
                 from c:/Ruby23/include/ruby-2.3.0/ruby/ruby.h:36,
                 from c:/Ruby23/include/ruby-2.3.0/ruby.h:33,
                 from io_buffer.c:2:
c:/Ruby23/include/ruby-2.3.0/ruby/win32.h:295:44: warning: 'struct timespec' declared inside parameter list
c:/Ruby23/include/ruby-2.3.0/ruby/win32.h:295:44: warning: its scope is only this definition or declaration, which is probably not what you want
c:/Ruby23/include/ruby-2.3.0/ruby/win32.h:296:43: warning: 'struct timespec' declared inside parameter list
In file included from c:/Ruby23/include/ruby-2.3.0/ruby/ruby.h:1992:0,
                 from c:/Ruby23/include/ruby-2.3.0/ruby.h:33,
                 from io_buffer.c:2:
c:/Ruby23/include/ruby-2.3.0/ruby/intern.h:923:29: warning: 'struct timespec' declared inside parameter list
c:/Ruby23/include/ruby-2.3.0/ruby/intern.h:926:41: warning: 'struct timespec' declared inside parameter list
compiling mini_ssl.c
In file included from c:/Ruby23/include/ruby-2.3.0/ruby/defines.h:168:0,
                 from c:/Ruby23/include/ruby-2.3.0/ruby/ruby.h:36,
                 from c:/Ruby23/include/ruby-2.3.0/ruby.h:33,
                 from mini_ssl.c:3:
c:/Ruby23/include/ruby-2.3.0/ruby/win32.h:295:44: warning: 'struct timespec' declared inside parameter list
c:/Ruby23/include/ruby-2.3.0/ruby/win32.h:295:44: warning: its scope is only this definition or declaration, which is probably not what you want
c:/Ruby23/include/ruby-2.3.0/ruby/win32.h:296:43: warning: 'struct timespec' declared inside parameter list
In file included from c:/Ruby23/include/ruby-2.3.0/ruby/ruby.h:1992:0,
                 from c:/Ruby23/include/ruby-2.3.0/ruby.h:33,
                 from mini_ssl.c:3:
c:/Ruby23/include/ruby-2.3.0/ruby/intern.h:923:29: warning: 'struct timespec' declared inside parameter list
c:/Ruby23/include/ruby-2.3.0/ruby/intern.h:926:41: warning: 'struct timespec' declared inside parameter list
compiling puma_http11.c
In file included from c:/Ruby23/include/ruby-2.3.0/ruby/defines.h:168:0,
                 from c:/Ruby23/include/ruby-2.3.0/ruby/ruby.h:36,
                 from c:/Ruby23/include/ruby-2.3.0/ruby.h:33,
                 from puma_http11.c:9:
c:/Ruby23/include/ruby-2.3.0/ruby/win32.h:295:44: warning: 'struct timespec' declared inside parameter list
c:/Ruby23/include/ruby-2.3.0/ruby/win32.h:295:44: warning: its scope is only this definition or declaration, which is probably not what you want
c:/Ruby23/include/ruby-2.3.0/ruby/win32.h:296:43: warning: 'struct timespec' declared inside parameter list
In file included from c:/Ruby23/include/ruby-2.3.0/ruby/ruby.h:1992:0,
                 from c:/Ruby23/include/ruby-2.3.0/ruby.h:33,
                 from puma_http11.c:9:
c:/Ruby23/include/ruby-2.3.0/ruby/intern.h:923:29: warning: 'struct timespec' declared inside parameter list
c:/Ruby23/include/ruby-2.3.0/ruby/intern.h:926:41: warning: 'struct timespec' declared inside parameter list
linking shared-object puma/puma_http11.so

current directory: c:/Users/Neli/Ruby on Rails/Ruby_apps/academy-app/bundle/gems/puma-3.11.0/ext/puma_http11
make "DESTDIR=" install
/usr/bin/install -c -m 0755 puma_http11.so ./.gem.20171130-972-1bwvmuv/puma
